c:\documents and settings\gagnolet\bureau\portail librairie\traitement\libdll\debug\imagecouleur.obj
c:\documents and settings\gagnolet\bureau\portail librairie\traitement\libdll\debug\imagendg.obj
c:\documents and settings\gagnolet\bureau\portail librairie\traitement\libdll\debug\vc100.pdb
c:\documents and settings\gagnolet\bureau\portail librairie\traitement\libdll\debug\imageclasse.obj
c:\documents and settings\gire\bureau\portail librairie\traitement\libdll\debug\imageclasse.obj
c:\documents and settings\gire\bureau\portail librairie\traitement\libdll\debug\imagecouleur.obj
c:\documents and settings\gire\bureau\portail librairie\traitement\libdll\debug\imagendg.obj
c:\documents and settings\gire\bureau\portail librairie\traitement\libdll\debug\vc100.pdb
c:\documents and settings\gagnolet\bureau\portail librairie\traitement\debug\libdll.lib
c:\documents and settings\gagnolet\bureau\portail librairie\traitement\debug\libdll.exp
c:\documents and settings\gire\bureau\portail librairie\traitement\debug\libdll.lib
c:\documents and settings\gire\bureau\portail librairie\traitement\debug\libdll.exp
c:\documents and settings\gagnolet\bureau\portail librairie\traitement\debug\libdll.ilk
c:\documents and settings\gagnolet\bureau\portail librairie\traitement\debug\libdll.dll
c:\documents and settings\gagnolet\bureau\portail librairie\traitement\libdll\debug\libdll.dll.intermediate.manifest
c:\documents and settings\gagnolet\bureau\portail librairie\traitement\debug\libdll.pdb
c:\documents and settings\gire\bureau\portail librairie\traitement\debug\libdll.ilk
c:\documents and settings\gire\bureau\portail librairie\traitement\debug\libdll.dll
c:\documents and settings\gire\bureau\portail librairie\traitement\libdll\debug\libdll.dll.intermediate.manifest
c:\documents and settings\gire\bureau\portail librairie\traitement\debug\libdll.pdb
c:\documents and settings\gagnolet\bureau\portail librairie\traitement\libdll\debug\libdll.dll.embed.manifest
c:\documents and settings\gagnolet\bureau\portail librairie\traitement\libdll\debug\libdll.dll.embed.manifest.res
c:\documents and settings\gire\bureau\portail librairie\traitement\libdll\debug\libdll.dll.embed.manifest.res
c:\users\baud\desktop\portail librairie\traitement\libdll\debug\vc120.pdb
c:\users\baud\desktop\portail librairie\traitement\libdll\debug\vc120.idb
c:\users\baud\desktop\portail librairie\traitement\libdll\debug\imageclasse.obj
c:\users\baud\desktop\portail librairie\traitement\libdll\debug\imagecouleur.obj
c:\users\baud\desktop\portail librairie\traitement\libdll\debug\imagendg.obj
c:\users\charles-etienne\documents\telecom\traitement et analyse librairie complète\portail librairie\traitement\libdll\debug\vc120.pdb
c:\users\charles-etienne\documents\telecom\traitement et analyse librairie complète\portail librairie\traitement\libdll\debug\vc120.idb
c:\users\charles-etienne\documents\telecom\traitement et analyse librairie complète\portail librairie\traitement\libdll\debug\imageclasse.obj
c:\users\charles-etienne\documents\telecom\traitement et analyse librairie complète\portail librairie\traitement\libdll\debug\imagecouleur.obj
c:\users\charles-etienne\documents\telecom\traitement et analyse librairie complète\portail librairie\traitement\libdll\debug\imagendg.obj
c:\users\baud\desktop\portail librairie\traitement\debug\libdll.lib
c:\users\baud\desktop\portail librairie\traitement\debug\libdll.exp
c:\users\charles-etienne\documents\telecom\traitement et analyse librairie complète\portail librairie\traitement\debug\libdll.lib
c:\users\charles-etienne\documents\telecom\traitement et analyse librairie complète\portail librairie\traitement\debug\libdll.exp
c:\users\baud\desktop\portail librairie\traitement\debug\libdll.ilk
c:\users\baud\desktop\portail librairie\traitement\debug\libdll.dll
c:\users\baud\desktop\portail librairie\traitement\debug\libdll.pdb
c:\users\charles-etienne\documents\telecom\traitement et analyse librairie complète\portail librairie\traitement\debug\libdll.ilk
c:\users\charles-etienne\documents\telecom\traitement et analyse librairie complète\portail librairie\traitement\debug\libdll.dll
c:\users\charles-etienne\documents\telecom\traitement et analyse librairie complète\portail librairie\traitement\debug\libdll.pdb
c:\users\charles-etienne\documents\telecom\traitement et analyse librairie complète\portail librairie\traitement\libdll\debug\cl.command.1.tlog
c:\users\charles-etienne\documents\telecom\traitement et analyse librairie complète\portail librairie\traitement\libdll\debug\cl.read.1.tlog
c:\users\charles-etienne\documents\telecom\traitement et analyse librairie complète\portail librairie\traitement\libdll\debug\cl.write.1.tlog
c:\users\charles-etienne\documents\telecom\traitement et analyse librairie complète\portail librairie\traitement\libdll\debug\libdll.write.1.tlog
c:\users\charles-etienne\documents\telecom\traitement et analyse librairie complète\portail librairie\traitement\libdll\debug\link-cvtres.read.1.tlog
c:\users\charles-etienne\documents\telecom\traitement et analyse librairie complète\portail librairie\traitement\libdll\debug\link-cvtres.write.1.tlog
c:\users\charles-etienne\documents\telecom\traitement et analyse librairie complète\portail librairie\traitement\libdll\debug\link.4292-cvtres.read.1.tlog
c:\users\charles-etienne\documents\telecom\traitement et analyse librairie complète\portail librairie\traitement\libdll\debug\link.4292-cvtres.write.1.tlog
c:\users\charles-etienne\documents\telecom\traitement et analyse librairie complète\portail librairie\traitement\libdll\debug\link.4292.read.1.tlog
c:\users\charles-etienne\documents\telecom\traitement et analyse librairie complète\portail librairie\traitement\libdll\debug\link.4292.write.1.tlog
c:\users\charles-etienne\documents\telecom\traitement et analyse librairie complète\portail librairie\traitement\libdll\debug\link.5124-cvtres.read.1.tlog
c:\users\charles-etienne\documents\telecom\traitement et analyse librairie complète\portail librairie\traitement\libdll\debug\link.5124-cvtres.write.1.tlog
c:\users\charles-etienne\documents\telecom\traitement et analyse librairie complète\portail librairie\traitement\libdll\debug\link.5124.read.1.tlog
c:\users\charles-etienne\documents\telecom\traitement et analyse librairie complète\portail librairie\traitement\libdll\debug\link.5124.write.1.tlog
c:\users\charles-etienne\documents\telecom\traitement et analyse librairie complète\portail librairie\traitement\libdll\debug\link.5948-cvtres.read.1.tlog
c:\users\charles-etienne\documents\telecom\traitement et analyse librairie complète\portail librairie\traitement\libdll\debug\link.5948-cvtres.write.1.tlog
c:\users\charles-etienne\documents\telecom\traitement et analyse librairie complète\portail librairie\traitement\libdll\debug\link.5948.read.1.tlog
c:\users\charles-etienne\documents\telecom\traitement et analyse librairie complète\portail librairie\traitement\libdll\debug\link.5948.write.1.tlog
c:\users\charles-etienne\documents\telecom\traitement et analyse librairie complète\portail librairie\traitement\libdll\debug\link.command.1.tlog
c:\users\charles-etienne\documents\telecom\traitement et analyse librairie complète\portail librairie\traitement\libdll\debug\link.read.1.tlog
c:\users\charles-etienne\documents\telecom\traitement et analyse librairie complète\portail librairie\traitement\libdll\debug\link.write.1.tlog
c:\users\charles-etienne\documents\telecom\traitement et analyse librairie complète\portail librairie\traitement\libdll\debug\mt.command.1.tlog
c:\users\charles-etienne\documents\telecom\traitement et analyse librairie complète\portail librairie\traitement\libdll\debug\mt.read.1.tlog
c:\users\charles-etienne\documents\telecom\traitement et analyse librairie complète\portail librairie\traitement\libdll\debug\mt.write.1.tlog
c:\users\charles-etienne\documents\telecom\traitement et analyse librairie complète\portail librairie\traitement\libdll\debug\rc.command.1.tlog
c:\users\charles-etienne\documents\telecom\traitement et analyse librairie complète\portail librairie\traitement\libdll\debug\rc.read.1.tlog
c:\users\charles-etienne\documents\telecom\traitement et analyse librairie complète\portail librairie\traitement\libdll\debug\rc.write.1.tlog
c:\users\charles-etienne\documents\telecom\traitement et analyse librairie complète\portail librairie\traitement\libdll\debug\libdll.dll.embed.manifest
c:\users\charles-etienne\documents\telecom\traitement et analyse librairie complète\portail librairie\traitement\libdll\debug\libdll.dll.intermediate.manifest
c:\users\charles-etienne\documents\telecom\traitement et analyse librairie complète\portail librairie\traitement\libdll\debug\libdll.dll.embed.manifest.res
c:\users\charles-etienne\documents\telecom\traitement et analyse librairie complète\portail librairie\traitement\libdll\debug\vc100.idb
c:\users\charles-etienne\documents\telecom\traitement et analyse librairie complète\portail librairie\traitement\libdll\debug\vc100.pdb
c:\users\charles-etienne\documents\telecom\traitement et analyse librairie complète\portail librairie\traitement\libdll\debug\libdll_manifest.rc
c:\users\charles-etienne\documents\telecom\traitement et analyse librairie complète\portail librairie\traitement\libdll\debug\libdll.tlog\cl.command.1.tlog
c:\users\charles-etienne\documents\telecom\traitement et analyse librairie complète\portail librairie\traitement\libdll\debug\libdll.tlog\cl.read.1.tlog
c:\users\charles-etienne\documents\telecom\traitement et analyse librairie complète\portail librairie\traitement\libdll\debug\libdll.tlog\cl.write.1.tlog
c:\users\charles-etienne\documents\telecom\traitement et analyse librairie complète\portail librairie\traitement\libdll\debug\libdll.tlog\libdll.write.1u.tlog
c:\users\charles-etienne\documents\telecom\traitement et analyse librairie complète\portail librairie\traitement\libdll\debug\libdll.tlog\link.command.1.tlog
c:\users\charles-etienne\documents\telecom\traitement et analyse librairie complète\portail librairie\traitement\libdll\debug\libdll.tlog\link.read.1.tlog
c:\users\charles-etienne\documents\telecom\traitement et analyse librairie complète\portail librairie\traitement\libdll\debug\libdll.tlog\link.write.1.tlog
