La génération a démarré 06/05/2015 14:33:40.
     1>Projet "C:\Users\Charles-Etienne\Documents\TELECOM\Traitement et analyse librairie complète\Portail Librairie\traitement\libDLL\libDLL.vcxproj" sur le nœud 2 (Build cible(s)).
     1>ClCompile:
         C:\Program Files (x86)\Microsoft Visual Studio 12.0\VC\bin\CL.exe /c /I../../include /ZI /nologo /W3 /WX- /Od /Oy- /D WIN32 /D _DEBUG /D _WINDOWS /D _USRDLL /D LIBDLL_EXPORTS /D _WINDLL /D _UNICODE /D UNICODE /Gm /EHsc /RTC1 /MDd /GS /fp:precise /Zc:wchar_t /Zc:forScope /Fo"Debug\\" /Fd"Debug\vc120.pdb" /Gd /TP /analyze- /errorReport:prompt ..\..\src\ImageClasse.cpp ..\..\src\ImageCouleur.cpp ..\..\src\ImageNdg.cpp
         ImageNdg.cpp
     1>c:\users\charles-etienne\documents\telecom\traitement et analyse librairie complète\portail librairie\src\imagendg.cpp(487): warning C4018: '<' : incompatibilité signed/unsigned
         ImageCouleur.cpp
         ImageClasse.cpp
     1>c:\users\charles-etienne\documents\telecom\traitement et analyse librairie complète\portail librairie\src\imageclasse.cpp(810): warning C4244: 'initialisation' : conversion de 'double' en 'int', perte possible de données
     1>c:\users\charles-etienne\documents\telecom\traitement et analyse librairie complète\portail librairie\src\imageclasse.cpp(909): warning C4018: '>' : incompatibilité signed/unsigned
     1>c:\users\charles-etienne\documents\telecom\traitement et analyse librairie complète\portail librairie\src\imageclasse.cpp(1100): warning C4018: '<' : incompatibilité signed/unsigned
     1>c:\users\charles-etienne\documents\telecom\traitement et analyse librairie complète\portail librairie\src\imageclasse.cpp(1245): warning C4018: '>' : incompatibilité signed/unsigned
     1>c:\users\charles-etienne\documents\telecom\traitement et analyse librairie complète\portail librairie\src\imageclasse.cpp(1274): warning C4018: '>' : incompatibilité signed/unsigned
     1>c:\users\charles-etienne\documents\telecom\traitement et analyse librairie complète\portail librairie\src\imageclasse.cpp(1322): warning C4244: 'initialisation' : conversion de 'double' en 'int', perte possible de données
         Génération de code en cours...
       Link:
         C:\Program Files (x86)\Microsoft Visual Studio 12.0\VC\bin\link.exe /ERRORREPORT:PROMPT /OUT:"C:\Users\Charles-Etienne\Documents\TELECOM\Traitement et analyse librairie complète\Portail Librairie\traitement\Debug\libDLL.dll" /INCREMENTAL /NOLOGO kernel32.lib user32.lib gdi32.lib winspool.lib comdlg32.lib advapi32.lib shell32.lib ole32.lib oleaut32.lib uuid.lib odbc32.lib odbccp32.lib /MANIFEST /MANIFESTUAC:"level='asInvoker' uiAccess='false'" /manifest:embed /DEBUG /PDB:"C:\Users\Charles-Etienne\Documents\TELECOM\Traitement et analyse librairie complète\Portail Librairie\traitement\Debug\libDLL.pdb" /SUBSYSTEM:WINDOWS /TLBID:1 /DYNAMICBASE /NXCOMPAT /IMPLIB:"C:\Users\Charles-Etienne\Documents\TELECOM\Traitement et analyse librairie complète\Portail Librairie\traitement\Debug\libDLL.lib" /MACHINE:X86 /DLL Debug\ImageClasse.obj
         Debug\ImageCouleur.obj
         Debug\ImageNdg.obj
            Création de la bibliothèque C:\Users\Charles-Etienne\Documents\TELECOM\Traitement et analyse librairie complète\Portail Librairie\traitement\Debug\libDLL.lib et de l'objet C:\Users\Charles-Etienne\Documents\TELECOM\Traitement et analyse librairie complète\Portail Librairie\traitement\Debug\libDLL.exp
         libDLL.vcxproj -> C:\Users\Charles-Etienne\Documents\TELECOM\Traitement et analyse librairie complète\Portail Librairie\traitement\Debug\libDLL.dll
     1>Génération du projet "C:\Users\Charles-Etienne\Documents\TELECOM\Traitement et analyse librairie complète\Portail Librairie\traitement\libDLL\libDLL.vcxproj" terminée (Build cible(s)).

La génération a réussi.

Temps écoulé 00:00:03.24
