c:\documents and settings\gagnolet\bureau\portail librairie\traitement\ndg\debug\ndg.obj
c:\documents and settings\gagnolet\bureau\portail librairie\traitement\ndg\debug\vc100.pdb
c:\documents and settings\gire\bureau\portail librairie\traitement\ndg\debug\vc100.pdb
c:\documents and settings\gire\bureau\portail librairie\traitement\ndg\debug\ndg.obj
c:\documents and settings\gagnolet\bureau\portail librairie\traitement\debug\ndg.ilk
c:\documents and settings\gagnolet\bureau\portail librairie\traitement\debug\ndg.exe
c:\documents and settings\gagnolet\bureau\portail librairie\traitement\ndg\debug\ndg.exe.intermediate.manifest
c:\documents and settings\gagnolet\bureau\portail librairie\traitement\debug\ndg.pdb
c:\documents and settings\gire\bureau\portail librairie\traitement\debug\ndg.ilk
c:\documents and settings\gire\bureau\portail librairie\traitement\debug\ndg.exe
c:\documents and settings\gire\bureau\portail librairie\traitement\ndg\debug\ndg.exe.intermediate.manifest
c:\documents and settings\gire\bureau\portail librairie\traitement\debug\ndg.pdb
c:\documents and settings\gagnolet\bureau\portail librairie\traitement\ndg\debug\ndg.exe.embed.manifest
c:\documents and settings\gagnolet\bureau\portail librairie\traitement\debug\ndg.lib
c:\documents and settings\gagnolet\bureau\portail librairie\traitement\debug\ndg.exp
c:\documents and settings\gire\bureau\portail librairie\traitement\debug\ndg.lib
c:\documents and settings\gire\bureau\portail librairie\traitement\debug\ndg.exp
c:\documents and settings\gagnolet\bureau\portail librairie\traitement\ndg\debug\ndg.exe.embed.manifest.res
c:\documents and settings\gire\bureau\portail librairie\traitement\ndg\debug\ndg.exe.embed.manifest.res
c:\users\gire\desktop\portail librairie\traitement\ndg\debug\vc120.pdb
c:\users\gire\desktop\portail librairie\traitement\ndg\debug\vc120.idb
c:\users\gire\desktop\portail librairie\traitement\ndg\debug\ndg.obj
c:\users\baud\desktop\portail librairie\traitement\ndg\debug\vc120.pdb
c:\users\baud\desktop\portail librairie\traitement\ndg\debug\vc120.idb
c:\users\baud\desktop\portail librairie\traitement\ndg\debug\ndg.obj
c:\users\gire\desktop\portail librairie\traitement\debug\ndg.ilk
c:\users\gire\desktop\portail librairie\traitement\debug\ndg.exe
c:\users\gire\desktop\portail librairie\traitement\debug\ndg.pdb
c:\users\baud\desktop\portail librairie\traitement\debug\ndg.ilk
c:\users\baud\desktop\portail librairie\traitement\debug\ndg.exe
c:\users\baud\desktop\portail librairie\traitement\debug\ndg.pdb
c:\users\gire\desktop\portail librairie\traitement\debug\ndg.lib
c:\users\gire\desktop\portail librairie\traitement\debug\ndg.exp
c:\users\baud\desktop\portail librairie\traitement\debug\ndg.lib
c:\users\baud\desktop\portail librairie\traitement\debug\ndg.exp
c:\users\charles-etienne\documents\telecom\traitement et analyse librairie complète\portail librairie\traitement\ndg\debug\ndg.vcxprojresolveassemblyreference.cache
c:\users\charles-etienne\documents\telecom\traitement et analyse librairie complète\portail librairie\traitement\ndg\debug\resolveassemblyreference.cache
c:\users\charles-etienne\documents\telecom\traitement et analyse librairie complète\portail librairie\traitement\ndg\debug\ndg.obj
c:\users\charles-etienne\documents\telecom\traitement et analyse librairie complète\portail librairie\traitement\ndg\debug\cl.command.1.tlog
c:\users\charles-etienne\documents\telecom\traitement et analyse librairie complète\portail librairie\traitement\ndg\debug\cl.read.1.tlog
c:\users\charles-etienne\documents\telecom\traitement et analyse librairie complète\portail librairie\traitement\ndg\debug\cl.write.1.tlog
c:\users\charles-etienne\documents\telecom\traitement et analyse librairie complète\portail librairie\traitement\ndg\debug\link-cvtres.read.1.tlog
c:\users\charles-etienne\documents\telecom\traitement et analyse librairie complète\portail librairie\traitement\ndg\debug\link-cvtres.write.1.tlog
c:\users\charles-etienne\documents\telecom\traitement et analyse librairie complète\portail librairie\traitement\ndg\debug\link.5128-cvtres.read.1.tlog
c:\users\charles-etienne\documents\telecom\traitement et analyse librairie complète\portail librairie\traitement\ndg\debug\link.5128-cvtres.write.1.tlog
c:\users\charles-etienne\documents\telecom\traitement et analyse librairie complète\portail librairie\traitement\ndg\debug\link.5128.read.1.tlog
c:\users\charles-etienne\documents\telecom\traitement et analyse librairie complète\portail librairie\traitement\ndg\debug\link.5128.write.1.tlog
c:\users\charles-etienne\documents\telecom\traitement et analyse librairie complète\portail librairie\traitement\ndg\debug\link.5216-cvtres.read.1.tlog
c:\users\charles-etienne\documents\telecom\traitement et analyse librairie complète\portail librairie\traitement\ndg\debug\link.5216-cvtres.write.1.tlog
c:\users\charles-etienne\documents\telecom\traitement et analyse librairie complète\portail librairie\traitement\ndg\debug\link.5216.read.1.tlog
c:\users\charles-etienne\documents\telecom\traitement et analyse librairie complète\portail librairie\traitement\ndg\debug\link.5216.write.1.tlog
c:\users\charles-etienne\documents\telecom\traitement et analyse librairie complète\portail librairie\traitement\ndg\debug\link.5908-cvtres.read.1.tlog
c:\users\charles-etienne\documents\telecom\traitement et analyse librairie complète\portail librairie\traitement\ndg\debug\link.5908-cvtres.write.1.tlog
c:\users\charles-etienne\documents\telecom\traitement et analyse librairie complète\portail librairie\traitement\ndg\debug\link.5908.read.1.tlog
c:\users\charles-etienne\documents\telecom\traitement et analyse librairie complète\portail librairie\traitement\ndg\debug\link.5908.write.1.tlog
c:\users\charles-etienne\documents\telecom\traitement et analyse librairie complète\portail librairie\traitement\ndg\debug\link.command.1.tlog
c:\users\charles-etienne\documents\telecom\traitement et analyse librairie complète\portail librairie\traitement\ndg\debug\link.read.1.tlog
c:\users\charles-etienne\documents\telecom\traitement et analyse librairie complète\portail librairie\traitement\ndg\debug\link.write.1.tlog
c:\users\charles-etienne\documents\telecom\traitement et analyse librairie complète\portail librairie\traitement\ndg\debug\mt.command.1.tlog
c:\users\charles-etienne\documents\telecom\traitement et analyse librairie complète\portail librairie\traitement\ndg\debug\mt.read.1.tlog
c:\users\charles-etienne\documents\telecom\traitement et analyse librairie complète\portail librairie\traitement\ndg\debug\mt.write.1.tlog
c:\users\charles-etienne\documents\telecom\traitement et analyse librairie complète\portail librairie\traitement\ndg\debug\ndg.write.1.tlog
c:\users\charles-etienne\documents\telecom\traitement et analyse librairie complète\portail librairie\traitement\ndg\debug\rc.command.1.tlog
c:\users\charles-etienne\documents\telecom\traitement et analyse librairie complète\portail librairie\traitement\ndg\debug\rc.read.1.tlog
c:\users\charles-etienne\documents\telecom\traitement et analyse librairie complète\portail librairie\traitement\ndg\debug\rc.write.1.tlog
c:\users\charles-etienne\documents\telecom\traitement et analyse librairie complète\portail librairie\traitement\ndg\debug\ndg.exe.embed.manifest
c:\users\charles-etienne\documents\telecom\traitement et analyse librairie complète\portail librairie\traitement\ndg\debug\ndg.exe.intermediate.manifest
c:\users\charles-etienne\documents\telecom\traitement et analyse librairie complète\portail librairie\traitement\ndg\debug\ndg.exe.embed.manifest.res
c:\users\charles-etienne\documents\telecom\traitement et analyse librairie complète\portail librairie\traitement\ndg\debug\vc100.idb
c:\users\charles-etienne\documents\telecom\traitement et analyse librairie complète\portail librairie\traitement\ndg\debug\vc120.idb
c:\users\charles-etienne\documents\telecom\traitement et analyse librairie complète\portail librairie\traitement\ndg\debug\vc100.pdb
c:\users\charles-etienne\documents\telecom\traitement et analyse librairie complète\portail librairie\traitement\ndg\debug\vc120.pdb
c:\users\charles-etienne\documents\telecom\traitement et analyse librairie complète\portail librairie\traitement\ndg\debug\ndg_manifest.rc
c:\users\charles-etienne\documents\telecom\traitement et analyse librairie complète\portail librairie\traitement\debug\ndg.pdb
c:\users\charles-etienne\documents\telecom\traitement et analyse librairie complète\portail librairie\traitement\debug\ndg.exe
c:\users\charles-etienne\documents\telecom\traitement et analyse librairie complète\portail librairie\traitement\debug\ndg.ilk
c:\users\charles-etienne\documents\telecom\traitement et analyse librairie complète\portail librairie\traitement\ndg\debug\ndg.tlog\cl.command.1.tlog
c:\users\charles-etienne\documents\telecom\traitement et analyse librairie complète\portail librairie\traitement\ndg\debug\ndg.tlog\cl.read.1.tlog
c:\users\charles-etienne\documents\telecom\traitement et analyse librairie complète\portail librairie\traitement\ndg\debug\ndg.tlog\cl.write.1.tlog
c:\users\charles-etienne\documents\telecom\traitement et analyse librairie complète\portail librairie\traitement\ndg\debug\ndg.tlog\link.command.1.tlog
c:\users\charles-etienne\documents\telecom\traitement et analyse librairie complète\portail librairie\traitement\ndg\debug\ndg.tlog\link.read.1.tlog
c:\users\charles-etienne\documents\telecom\traitement et analyse librairie complète\portail librairie\traitement\ndg\debug\ndg.tlog\link.write.1.tlog
c:\users\charles-etienne\documents\telecom\traitement et analyse librairie complète\portail librairie\traitement\ndg\debug\ndg.tlog\ndg.write.1u.tlog
