c:\users\baud\desktop\portail librairie\traitement\pieces\debug\vc120.pdb
c:\users\baud\desktop\portail librairie\traitement\pieces\debug\vc120.idb
c:\users\baud\desktop\portail librairie\traitement\pieces\debug\pieces.obj
c:\users\baud\desktop\portail librairie\traitement\debug\pieces.ilk
c:\users\baud\desktop\portail librairie\traitement\debug\pieces.exe
c:\users\baud\desktop\portail librairie\traitement\debug\pieces.pdb
c:\users\baud\desktop\portail librairie\traitement\debug\pieces.lib
c:\users\baud\desktop\portail librairie\traitement\debug\pieces.exp
c:\users\charles-etienne\documents\telecom\traitement et analyse librairie complète\portail librairie\traitement\pieces\debug\pieces.vcxprojresolveassemblyreference.cache
c:\users\charles-etienne\documents\telecom\traitement et analyse librairie complète\portail librairie\traitement\pieces\debug\pieces.obj
c:\users\charles-etienne\documents\telecom\traitement et analyse librairie complète\portail librairie\traitement\pieces\debug\vc120.idb
c:\users\charles-etienne\documents\telecom\traitement et analyse librairie complète\portail librairie\traitement\pieces\debug\vc120.pdb
c:\users\charles-etienne\documents\telecom\traitement et analyse librairie complète\portail librairie\traitement\debug\pieces.pdb
c:\users\charles-etienne\documents\telecom\traitement et analyse librairie complète\portail librairie\traitement\debug\pieces.exe
c:\users\charles-etienne\documents\telecom\traitement et analyse librairie complète\portail librairie\traitement\debug\pieces.ilk
c:\users\charles-etienne\documents\telecom\traitement et analyse librairie complète\portail librairie\traitement\pieces\debug\pieces.tlog\cl.command.1.tlog
c:\users\charles-etienne\documents\telecom\traitement et analyse librairie complète\portail librairie\traitement\pieces\debug\pieces.tlog\cl.read.1.tlog
c:\users\charles-etienne\documents\telecom\traitement et analyse librairie complète\portail librairie\traitement\pieces\debug\pieces.tlog\cl.write.1.tlog
c:\users\charles-etienne\documents\telecom\traitement et analyse librairie complète\portail librairie\traitement\pieces\debug\pieces.tlog\link.command.1.tlog
c:\users\charles-etienne\documents\telecom\traitement et analyse librairie complète\portail librairie\traitement\pieces\debug\pieces.tlog\link.read.1.tlog
c:\users\charles-etienne\documents\telecom\traitement et analyse librairie complète\portail librairie\traitement\pieces\debug\pieces.tlog\link.write.1.tlog
c:\users\charles-etienne\documents\telecom\traitement et analyse librairie complète\portail librairie\traitement\pieces\debug\pieces.tlog\pieces.write.1u.tlog
